<?xml version="1.0" encoding="UTF-8"?>
<testsuites tests="3" failures="0" errors="0" skipped="0">
  <testsuite name="first e2e test suite" timestamp="2025-11-04T09:39:40" time="1.696" tests="3" failures="0" errors="0" skipped="0">
    <properties>
      <property name="specId" value="0"/>
      <property name="suiteName" value="first e2e test suite"/>
      <property name="capabilities" value="microsoftedge.142_0_3595_53.windows"/>
      <property name="file" value="file:///C:/Users/user/Desktop/Epam%20Training/wdio/src/specs/test.spec.js"/>
    </properties>
    <testcase classname="microsoftedge.142_0_3595_53.windows.first_e2e_test_suite" name="should open www epam com" time="0.714">
      <system-out><![CDATA[
COMMAND: GET /session/4dc6fa109730e1bd3c2c1bf4e2bb46dd/title - {}
RESULT: {}
]]></system-out>
    </testcase>
    <testcase classname="microsoftedge.142_0_3595_53.windows.first_e2e_test_suite" name="should open hamburger menu" time="0.338">
      <system-out><![CDATA[
COMMAND: POST /session/4dc6fa109730e1bd3c2c1bf4e2bb46dd/element/f.1649272B78525DDD970DB0471A84ED5D.d.912AE607CE99A3B8AC16B3F030CA28D5.e.27/click - {}
RESULT: {}
COMMAND: GET /session/4dc6fa109730e1bd3c2c1bf4e2bb46dd/element/f.1649272B78525DDD970DB0471A84ED5D.d.912AE607CE99A3B8AC16B3F030CA28D5.e.49/css/display - {}
RESULT: {}
]]></system-out>
    </testcase>
    <testcase classname="microsoftedge.142_0_3595_53.windows.first_e2e_test_suite" name="should navigate to Services page" time="0.643">
      <system-out><![CDATA[
COMMAND: POST /session/4dc6fa109730e1bd3c2c1bf4e2bb46dd/element/f.1649272B78525DDD970DB0471A84ED5D.d.2DD9DAD0E368A1FCD25D0C9F19FEE60C.e.55/click - {}
RESULT: {}
COMMAND: GET /session/4dc6fa109730e1bd3c2c1bf4e2bb46dd/title - {}
RESULT: {}
COMMAND: DELETE /session/4dc6fa109730e1bd3c2c1bf4e2bb46dd - {}
RESULT: {}
]]></system-out>
    </testcase>
  </testsuite>
</testsuites>