<?xml version="1.0" encoding="UTF-8"?>
<testsuites tests="3" failures="0" errors="0" skipped="0">
  <testsuite name="first e2e test suite" timestamp="2025-11-04T09:39:36" time="2.222" tests="3" failures="0" errors="0" skipped="0">
    <properties>
      <property name="specId" value="0"/>
      <property name="suiteName" value="first e2e test suite"/>
      <property name="capabilities" value="firefox.146_0a1.windows"/>
      <property name="file" value="file:///C:/Users/user/Desktop/Epam%20Training/wdio/src/specs/test.spec.js"/>
    </properties>
    <testcase classname="firefox.146_0a1.windows.first_e2e_test_suite" name="should open www epam com" time="0.693">
      <system-out><![CDATA[
COMMAND: GET /session/1c29b8c2-7a71-4634-b82d-8c88bc76141e/title - {}
RESULT: {}
]]></system-out>
    </testcase>
    <testcase classname="firefox.146_0a1.windows.first_e2e_test_suite" name="should open hamburger menu" time="0.368">
      <system-out><![CDATA[
COMMAND: POST /session/1c29b8c2-7a71-4634-b82d-8c88bc76141e/element/9bffa460-c0c8-40a3-9166-d33bff9ee7f6/click - {}
RESULT: {}
COMMAND: GET /session/1c29b8c2-7a71-4634-b82d-8c88bc76141e/element/c0f9aaba-7187-40a6-b2ca-941bcf035fc5/css/display - {}
RESULT: {}
]]></system-out>
    </testcase>
    <testcase classname="firefox.146_0a1.windows.first_e2e_test_suite" name="should navigate to Services page" time="1.16">
      <system-out><![CDATA[
COMMAND: POST /session/1c29b8c2-7a71-4634-b82d-8c88bc76141e/element/44417ebb-366f-4e7b-9509-6ba1c83dae31/click - {}
RESULT: {}
COMMAND: GET /session/1c29b8c2-7a71-4634-b82d-8c88bc76141e/title - {}
RESULT: {}
COMMAND: DELETE /session/1c29b8c2-7a71-4634-b82d-8c88bc76141e - {}
RESULT: {}
]]></system-out>
    </testcase>
  </testsuite>
</testsuites>